<?xml version="1.0" encoding="UTF-8"?>
<!-- Generated by org.testng.reporters.JUnitReportReporter -->
<testsuite hostname="WINDOWS-BF3G247" failures="0" tests="1" name="com.restapi.QA.testcase.POSTAPITest" time="1.810" errors="0" timestamp="2021-03-22T22:21:45 IST" skipped="0">
  <testcase classname="com.restapi.QA.testcase.POSTAPITest" name="postAPITest" time="1.810"/>
  <system-out/>
</testsuite> <!-- com.restapi.QA.testcase.POSTAPITest -->
