<?xml version="1.0" encoding="UTF-8"?>
<!-- Generated by org.testng.reporters.JUnitReportReporter -->
<testsuite hostname="WINDOWS-BF3G247" failures="0" tests="2" name="com.restapi.QA.testcase.GETAPITest" time="2.498" errors="0" timestamp="2021-03-22T18:51:26 IST" skipped="0">
  <testcase classname="com.restapi.QA.testcase.GETAPITest" name="test1ForGETWithoutHeader" time="1.687"/>
  <system-out/>
  <testcase classname="com.restapi.QA.testcase.GETAPITest" name="test1ForGETWithHeader" time="0.811"/>
  <system-out/>
</testsuite> <!-- com.restapi.QA.testcase.GETAPITest -->
